<?xml version="1.0" encoding="UTF-8"?>
<testsuite xmlns:xsi="http://www.w3.org/2001/XMLSchema-instance" xsi:noNamespaceSchemaLocation="https://maven.apache.org/surefire/maven-surefire-plugin/xsd/surefire-test-report-3.0.xsd" version="3.0" name="Runcukes.Test_TC01Test" time="8.335" tests="1" errors="0" skipped="0" failures="0">
  <properties>
[...]
</properties>
  <testcase name="Validate API details" classname="Trigger the API and validate response" time="7.983">
    <system-out><![CDATA[
@TestCase_01 @Test
Scenario: Validate API details &amp#27;[90m# src/test/resources/Test.feature:4&amp#27;[0m
API Response Code200
Content-Type: application/json; charset=utf-8
Response:{"code":200,"meta":{"pagination":{"total":1324,"pages":67,"page":1,"limit":20}},"data":[{"id":8,"user_id":12,"title":"Aetas conqueror pax aegrotatio crux cedo carmen eius decerno turbo peior.","body":"Ater alveus talis. Auctus vinculum summa. Esse ceno spargo. Conspergo inventore harum. Sperno cursus surculus. Tibi et debitis. Ultra concedo testimonium. Adnuo calcar cognomen. Non commodi tremo. Comitatus vinitor sono. Canis cuppedia natus. Termes comedo terror. Talus adsidue adultus. Consuasor vallum triduana. Aegrotatio stultus cultellus. Alveus quo aeneus. Autus agnitio benigne.","created_at":"2021-06-23T03:50:03.717+05:30","updated_at":"2021-06-23T03:50:03.717+05:30"},{"id":9,"user_id":12,"title":"Tempus defetiscor ulterius defluo necessitatibus conventus utroque.","body":"Baiulus crux pecunia. Spero valetudo demitto. Candidus vel adhuc. Bellum voluptatem addo. Versus et adeo. Thermae attonbitus articulus. Acer rerum ulciscor. Comis canonicus patrocinor. Laboriosam aggredior debeo. Aliquid omnis brevis. Talis amiculum debitis. Tyrannus culpo carcer. Territo desipio accipio. Arto aiunt deprimo. Correptius debilito volubilis. Defluo et civitas. Velit aptus subnecto. Comptus tripudio speciosus. Amissio qui debeo. Commemoro neque caute. Desino adulatio culpa. Baiulus tametsi attonbitus. Acies aequus arbustum. Amor cupiditate vitae. Creber teres curto.","created_at":"2021-06-23T03:50:03.726+05:30","updated_at":"2021-06-23T03:50:03.726+05:30"},{"id":10,"user_id":13,"title":"Iusto nesciunt verus vita deficio pax distinctio subito consectetur corona cursim suffragium non cura aqua exercitationem voluptatem socius.","body":"Conservo sopor tergum. Artificiose degenero theca. Absum totidem subnecto. Validus utor vir. Aspernatur abstergo copiose. Vado sint validus. Impedit bonus video. Atrocitas tener viridis. Solutio ater despecto. Ut carus creptio. Dolorem verto despirmatio. Aveho tripudio universe. Curis tondeo audio. Pariatur sapiente adicio. Dolorem adeptio dapifer. Conitor totam claro. Quos theca angustus. Synagoga ara arbor. Aeternus atque debeo. Porro accusamus amet. Deduco blandior cibus. Et solus concido. Cumque non aperio. Verbum viduata cubo.","created_at":"2021-06-23T03:50:03.744+05:30","updated_at":"2021-06-23T03:50:03.744+05:30"},{"id":12,"user_id":15,"title":"Veritatis tergum non sto qui corrumpo acer sophismata viridis caecus beatae asporto.","body":"Adversus aut sopor. Cohors custodia adulescens. Accusator corroboro stella. Patrocinor quibusdam terebro. Colligo valde somnus. Adhaero hic et. Amissio arbor ad. Uredo vociferor consequatur. Volo victoria sumo. Super cuius arcus. Apto degenero rem. Adeptio accusamus considero. Somnus caecus custodia. Esse ab synagoga. Debitis vinco vulnus. Denuncio torqueo corpus. Suggero tenuis copia. Basium subiungo theologus. Tamisium usque crudelis. Campana complectus cum. Celebrer adsidue laboriosam. Ara cui cunabula. Statua capio depono. Coadunatio beatus nobis.","created_at":"2021-06-23T03:50:03.771+05:30","updated_at":"2021-06-23T03:50:03.771+05:30"},{"id":14,"user_id":17,"title":"Cum curtus bellum cito animi summopere tyrannus aveho voluptas concedo.","body":"Desparatus vir certus. Non facere comprehendo. Caterva totidem aut. Accedo vitiosus copiose. Voluptate vox attonbitus. Aliquid coruscus convoco. Aut expedita cernuus. Denuo bibo super. Crur cras temeritas. Taedium a solium. Venustas colligo assumenda. Contra blandior ater. Ventosus sublime cumque. Dolore viridis in. Cui usitas sollers. Bellum admiratio vester. Vacuus ascisco termes. Crustulum admoveo bestia. Taedium caveo adultus. Administratio cervus confugo. Patria aegre virtus. Virtus claro officia. Vesper suppellex architecto. Ventus vulpes stips. Delectus careo verbera. Stillicidium conforto adfero. Minima textus in. Comedo sint facilis.","created_at":"2021-06-23T03:50:03.793+05:30","updated_at":"2021-06-23T03:50:03.793+05:30"},{"id":17,"user_id":21,"title":"Ea tremo super adeptio voluptas deripio reiciendis utrum eligendi uterque tamdiu coniecto suscipio corrupti congregatio valetudo debilito ater statua.","body":"Coadunatio vitiosus torrens. Delectatio umbra textilis. Demulceo numquam commodo. Odit est taceo. Degusto defluo ventito. Auditor vinum copia. Admiratio vorax teneo. Bestia bellum ubi. Corpus nisi a. Surculus comis amplus. Verus articulus deripio. Autem repellat tolero. Sufficio chirographum antiquus. Usus aliquam spargo. Bene averto cum.","created_at":"2021-06-23T03:50:03.841+05:30","updated_at":"2021-06-23T03:50:03.841+05:30"},{"id":19,"user_id":23,"title":"Cras recusandae delectus et amplus strenuus usus sui est solutio decerno.","body":"Voluptatum altus statua. Campana vestrum cervus. Spiculum tertius succurro. Pecto agnosco utroque. Ultio damno adflicto. Ocer non vulgaris. Corporis odio venio. Timor porro bardus. Turbo et aqua. Aestus terebro capto. Victoria caute harum. Et deinde conspergo. Tergeo spero vulgaris. Copiose arceo constans. Capto totam cras. Animadverto admiratio custodia.","created_at":"2021-06-23T03:50:03.883+05:30","updated_at":"2021-06-23T03:50:03.883+05:30"},{"id":20,"user_id":23,"title":"Exercitationem censura occaecati cimentarius solum voco cotidie accipio cena ancilla ex animi addo quo venustas ut barba audentia voluptatem.","body":"Amplexus assentator creo. Vulnero succurro adflicto. Torqueo voluptas tollo. Tandem comptus officiis. Dens carpo cariosus. Succedo triumphus adfero. Quia accommodo cito. Alter beatus est. Tutamen cuius cetera. Tam blanditiis valde. Auris aureus consequatur. Amissio creta comedo. Tepidus vorago apostolus. Demens quidem thorax. Certus torqueo ustulo. Officia qui autem. Aut voluptas adhaero. Qui vito strenuus. Speculum cultura colligo. Delego centum derideo.","created_at":"2021-06-23T03:50:03.889+05:30","updated_at":"2021-06-23T03:50:03.889+05:30"},{"id":22,"user_id":25,"title":"Vicinus derelinquo velociter succedo ut vapulus incidunt arcesso tubineus apto tyrannus qui impedit calamitas comburo et tristis.","body":"Vulnus viduata talus. Ulterius socius aestivus. Suscipio conscendo beatae. Pecunia tempus catena. Doloribus cubo certo. Vitium vinum cura. Ut conor utor. Crux stabilis vos. Angelus spiritus ullam. Ut trado tabella. Xiphias conventus et. Conventus illo culpa. Amita aequitas adsuesco. Defessus debeo copiose. Usus ascit aegrus. Tenus auxilium debitis. Porro celebrer assentator. Tres videlicet verbera. Omnis derelinquo vulnero. Trepide atque amissio. Utrimque alo vicinus. Territo aegrus advoco. Ducimus asporto aperiam. Tam necessitatibus patior.","created_at":"2021-06-23T03:50:03.919+05:30","updated_at":"2021-06-23T03:50:03.919+05:30"},{"id":23,"user_id":25,"title":"Sponte theologus celo triduana crux eveniet spectaculum dapifer.","body":"Aegre terga colo. Amplitudo aut temporibus. Tenetur coniecto anser. Sodalitas curia dolor. Vilis teres pel. Consuasor quia antepono. Patrocinor debilito autem. Bestia ara tamdiu. Molestiae aequitas animi. Spiritus corporis decretum. Quasi velum vomica. Certo casus quibusdam. Corona aufero beatus. Vereor distinctio angulus. Vivo deludo ratione. Custodia aureus urbs. Cado cervus concido. Aurum conqueror demergo. Theatrum celo accendo. Curto arbitro videlicet. Vel sophismata sum. Arca virga spargo. Adaugeo aspicio terreo. Provident non benigne. Accusantium sequi dolores.","created_at":"2021-06-23T03:50:03.924+05:30","updated_at":"2021-06-23T03:50:03.924+05:30"},{"id":24,"user_id":26,"title":"Damno adficio cubicularis triumphus tener officiis nihil dolor damnatio.","body":"Vacuus sursum arma. Crustulum quis adeptio. Crustulum bestia repudiandae. Cotidie amicitia crinis. Voluptas sunt voluntarius. Atqui substantia voluptatem. Aureus acervus avoco. Victoria ter dignissimos. Incidunt terra copia. Omnis accendo beatus. Sed eligendi occaecati. Vigilo bellicus allatus. Abundans volaticus tredecim. Laborum testimonium debitis. Expedita decerno iusto. Tui acceptus vindico. Debilito tero candidus. Voluptate admitto conqueror. Aestivus ustulo non. Alienus usitas aperio. Benevolentia assentator turba. Desipio quaerat aperiam. Derelinquo odit umquam. Accusamus tenetur credo. Depulso damno denuncio. Tutamen iusto denuo. Nostrum qui adsuesco. Rerum curis stipes. Colloco terreo aut.","created_at":"2021-06-23T03:50:03.938+05:30","updated_at":"2021-06-23T03:50:03.938+05:30"},{"id":25,"user_id":26,"title":"Commemoro thalassinus spiculum tempus expedita tutamen.","body":"Teres apparatus annus. Assumenda trucido certe. Commodo talis accendo. Ventosus accusator celo. Blandior uter valde. Cura celo cubo. Pauci delinquo demitto. Clam commodi quia. Neque casso auctus. Consequatur volup derideo. Civis cotidie voluptate. Commodo conitor vinum. Vorago colo varietas. Pauper tenetur cura. Casus nostrum valens. Terra armo dolorum. Suscipio arguo vero. Tamdiu temptatio texo. Victoria bellicus adulescens. Amplus acceptus vulgivagus. Suus atrox vacuus. Angelus despecto trepide. Magni voro audio. Totam vado ut. Vilicus rerum timor.","created_at":"2021-06-23T03:50:03.944+05:30","updated_at":"2021-06-23T03:50:03.944+05:30"},{"id":26,"user_id":27,"title":"Brevis tracto aspernatur vix autus alter xiphias patria acervus contra victoria summopere coaegresco.","body":"Suppellex curia defaeco. Surgo defigo molestiae. Caveo tam non. Pax calculus defaeco. Aliqua hic adiuvo. Somniculosus minima sulum. Pecunia nisi asper. Accipio tunc facilis. Vel volutabrum ducimus. Alo virtus coma. Angelus atavus tepidus. Tollo et despirmatio. Nisi vitae praesentium. Sublime anser arcus. Decor complectus decerno. Comburo magnam adhuc. Abbas dapifer caritas. Causa arto concedo. Tamdiu audacia universe. Canonicus vapulus damno. Synagoga comburo deserunt. Statim caelestis arcus. Adinventitias suus vinitor. Vallum suasoria occaecati. Depromo vicinus cognomen.","created_at":"2021-06-23T03:50:03.955+05:30","updated_at":"2021-06-23T03:50:03.955+05:30"},{"id":27,"user_id":27,"title":"Veniam adhuc tenuis trepide absque acidus et incidunt degero qui vicissitudo super cruentus.","body":"Adeptio arbor ullus. Triduana quas copia. Adfectus vomer tribuo. Alter acidus subnecto. Tristis viriliter sonitus. Aut benevolentia amita. Vado valde venio. Ustulo cultura harum. Quidem defluo comparo. Vulariter thorax atqui. Taceo truculenter patrocinor. Ocer claro ipsum. Comedo maxime non. Brevis asper accusator. Suppono caelum aestas. Appello compono culpa. Cunctatio qui tutis.","created_at":"2021-06-23T03:50:03.959+05:30","updated_at":"2021-06-23T03:50:03.959+05:30"},{"id":28,"user_id":28,"title":"Textilis atque ter defungo ambulo argumentum laboriosam.","body":"Desolo annus tempus. Explicabo consectetur defessus. Pecus sumo stillicidium. Sunt canonicus corroboro. Solio alii theca. Vae saepe cruciamentum. Virga praesentium consequatur. Ante tenetur subiungo. Patior beatae turpis. Accusantium comburo decumbo. Est compono vel. Autem dolor spiculum. Adhuc beneficium et. Sonitus terreo cogo. Aut animadverto conitor. Asporto voluptatem surgo. Volaticus vel accusamus. Tamdiu earum pecunia. Angulus caput deinde. Subiungo deleo ventito. Expedita neque trans. Decipio vestrum dolorem. Arx dedecor abeo. Et arbitro tot. Civitas pel aspernatur. Depromo tollo pauci.","created_at":"2021-06-23T03:50:03.975+05:30","updated_at":"2021-06-23T03:50:03.975+05:30"},{"id":29,"user_id":29,"title":"Pecto depraedor corrumpo tyrannus conor crebro undique validus.","body":"Cruciamentum balbus cuius. Adficio adflicto voluptatem. Dedico ater crebro. Velit summa adsum. Defigo sono adiuvo. Concido adfectus deserunt. Nemo fuga capillus. Dolorem video capio. Deludo aufero adipiscor. Spoliatio viduo tyrannus. Pauci tracto caste. Balbus crustulum beneficium. Creta tametsi umerus. Adsidue verbum utrimque. Abduco strenuus aequitas. Aliquam quam tunc. Tepidus cervus ait. Adopto illo depono. Advoco triginta vel. Terebro adeptio deduco. Quas deludo vulgivagus. Circumvenio pariatur in.","created_at":"2021-06-23T03:50:03.993+05:30","updated_at":"2021-06-23T03:50:03.993+05:30"},{"id":32,"user_id":35,"title":"Curvus tondeo delibero tunc campana via audio corpus omnis ascit taceo vel possimus.","body":"Dedecor conor ago. Civis est cogito. Despecto ventus eos. Animi sint ut. Atrox tam suffragium. Adeptio accusamus alveus. Vestigium cuius curis. Synagoga vix cattus. Ago tardus canis. Curatio quia aut. Amitto qui vaco. Cruciamentum tepidus utroque. Volo sint adhaero. Aeneus ulciscor comprehendo. Ver cupiditas asporto. Vicinus teneo et. Amicitia repellat abstergo. Socius sit autem. Corrumpo est sursum. Triumphus aut curtus. Denuncio summa laboriosam. Excepturi accusamus clamo. Cursim infit suffragium. Sulum triumphus cuppedia. Corroboro ustulo denego. Comis demonstro pecto.","created_at":"2021-06-23T03:50:04.061+05:30","updated_at":"2021-06-23T03:50:04.061+05:30"},{"id":33,"user_id":36,"title":"Inventore delego varius arceo depono carbo cura fugiat acceptus corroboro est urbs varietas amoveo culpo conor magni volo.","body":"Comitatus sto vulnus. Vinitor degenero tardus. Defleo ago thesis. Viridis cavus absens. Ut ante ab. Possimus eveniet ducimus. Conturbo aetas amita. Comparo valens usque. Modi cinis paens. Voluptas contabesco bestia. Studio accendo trepide. Umerus depraedor vita. Accommodo aggero dolorem. Terror accendo pauci. Concido absens viduata. Maiores cursus beneficium. Audacia aduro solvo. Temptatio universe credo.","created_at":"2021-06-23T03:50:04.076+05:30","updated_at":"2021-06-23T03:50:04.076+05:30"},{"id":34,"user_id":36,"title":"Dapifer atavus vicissitudo talio minus cuius suggero aegrotatio aqua umquam.","body":"Quaerat creber aufero. Acsi adficio enim. Totam advoco decens. Comis canonicus volva. Cicuta clarus sursum. Desolo autem canto. Eum desipio ut. Vapulus distinctio aqua. Vix attero creber. Vigilo eveniet adficio. Explicabo sophismata aut. Perferendis accusantium ut. Infit adulescens coruscus. Aqua cibo creator. Adficio viriliter venustas. Vesco soleo somniculosus. Eos soluta crux. Demulceo et depopulo. Ipsa curis fugiat. Delectatio bardus et. Qui triduana suppellex. Voluptates utpote vilicus. Arma verecundia suscipit. Tubineus colligo vallum. Demonstro vel venio.","created_at":"2021-06-23T03:50:04.085+05:30","updated_at":"2021-06-23T03:50:04.085+05:30"},{"id":35,"user_id":37,"title":"Articulus tricesimus adeptio verbera thymbra velit.","body":"Utilis denique depereo. Triduana colligo est. Vero cur alias. Earum delinquo colloco. Thesis ustulo tergum. Ambulo thorax sunt. Vulnero civis delectus. Atqui pecunia argumentum. Natus curvo coma. Ratione occaecati inventore. Unde benevolentia vinco. Sequi defetiscor unde. Aufero volva vereor. Tenax debeo asper. Volaticus aut viduata. Suppellex amaritudo possimus. Civitas voluptatem abeo. Coma non tersus. Blanditiis tamquam theologus. Crebro nam capillus. Vere inventore vitiosus. Cicuta sui aegrotatio. Admoveo aestivus sopor. Talus nemo repudiandae. Canonicus decens vir. Pauci cuppedia consuasor. Desidero et vitiosus.","created_at":"2021-06-23T03:50:04.105+05:30","updated_at":"2021-06-23T03:50:04.105+05:30"}]}
  &amp#27;[32mGiven &amp#27;[0m&amp#27;[32mI trigger the get API&amp#27;[0m  &amp#27;[90m# com.test.Steps.TestStep.i_trigger_the_get_api()&amp#27;[0m
API Response Code200
  &amp#27;[32mThen &amp#27;[0m&amp#27;[32mI verify API statuscode&amp#27;[0m &amp#27;[90m# com.test.Steps.TestStep.i_verify_api_statuscode()&amp#27;[0m
restileAetas conqueror pax aegrotatio crux cedo carmen eius decerno turbo peior.
  &amp#27;[32mThen &amp#27;[0m&amp#27;[32mI verify title&amp#27;[0m          &amp#27;[90m# com.test.Steps.TestStep.i_verify_title()&amp#27;[0m
]]></system-out>
    <system-err><![CDATA[Jun 23, 2021 4:06:58 PM io.cucumber.junit.Cucumber <init>
WARNING: By default Cucumber is running in --non-strict mode.
This default will change to --strict and --non-strict will be removed.
You can use --strict or @CucumberOptions(strict = true) to suppress this warning
]]></system-err>
  </testcase>
</testsuite>